java.nio.file.NoSuchFileException: /Users/huangrichao/project/Learn/quickscala/.ensime
	at sun.nio.fs.UnixException.translateToIOException(UnixException.java:86)
	at sun.nio.fs.UnixException.rethrowAsIOException(UnixException.java:102)
	at sun.nio.fs.UnixException.rethrowAsIOException(UnixException.java:107)
	at sun.nio.fs.UnixFileSystemProvider.newByteChannel(UnixFileSystemProvider.java:214)
	at java.nio.file.Files.newByteChannel(Files.java:361)
	at java.nio.file.Files.newByteChannel(Files.java:407)
	at java.nio.file.Files.readAllBytes(Files.java:3152)
	at org.ensime.util.path.package$RichPath$.readBytes$extension(path.scala:40)
	at org.ensime.util.path.package$RichPath$.readString$extension(path.scala:41)
	at org.github.dragos.vscode.EnsimeLanguageServer.$anonfun$initializeEnsime$1(EnsimeLanguageServer.scala:101)
	at scala.util.Try$.apply(Try.scala:209)
	at org.github.dragos.vscode.EnsimeLanguageServer.initializeEnsime(EnsimeLanguageServer.scala:97)
	at org.github.dragos.vscode.EnsimeLanguageServer.initialize(EnsimeLanguageServer.scala:76)
	at langserver.core.LanguageServer.$anonfun$connection$1(LanguageServer.scala:19)
	at langserver.core.Connection.$anonfun$handleCommand$1(Connection.scala:163)
	at scala.concurrent.Future$.$anonfun$apply$1(Future.scala:654)
	at scala.util.Success.$anonfun$map$1(Try.scala:251)
	at scala.util.Success.map(Try.scala:209)
	at scala.concurrent.Future.$anonfun$map$1(Future.scala:288)
	at scala.concurrent.impl.Promise.liftedTree1$1(Promise.scala:29)
	at scala.concurrent.impl.Promise.$anonfun$transform$1(Promise.scala:29)
	at scala.concurrent.impl.CallbackRunnable.run(Promise.scala:60)
	at java.util.concurrent.ThreadPoolExecutor.runWorker(ThreadPoolExecutor.java:1149)
	at java.util.concurrent.ThreadPoolExecutor$Worker.run(ThreadPoolExecutor.java:624)
	at java.lang.Thread.run(Thread.java:748)
java.lang.Exception: Failed to parse sexp: (SexpAtomP | SexpListP | SexpEmptyList | SexpConsP | SexpQuotedP):1:1 ...""
	at org.ensime.sexp.SexpParser$.parse(SexpParser.scala:18)
	at org.ensime.sexp.package$EnrichedString$.parseSexp$extension(package.scala:22)
	at org.ensime.config.EnsimeConfigProtocol$.parse(EnsimeConfigProtocol.scala:43)
	at org.github.dragos.vscode.EnsimeLanguageServer.$anonfun$initializeEnsime$1(EnsimeLanguageServer.scala:101)
	at scala.util.Try$.apply(Try.scala:209)
	at org.github.dragos.vscode.EnsimeLanguageServer.initializeEnsime(EnsimeLanguageServer.scala:97)
	at org.github.dragos.vscode.EnsimeLanguageServer.$anonfun$onChangeWatchedFiles$2(EnsimeLanguageServer.scala:139)
	at scala.util.Success.$anonfun$map$1(Try.scala:251)
	at scala.util.Success.map(Try.scala:209)
	at org.github.dragos.vscode.EnsimeLanguageServer.onChangeWatchedFiles(EnsimeLanguageServer.scala:135)
	at langserver.core.LanguageServer.$anonfun$new$1(LanguageServer.scala:45)
	at langserver.core.LanguageServer.$anonfun$new$1$adapted(LanguageServer.scala:40)
	at langserver.core.Connection.$anonfun$notifySubscribers$2(Connection.scala:42)
	at scala.runtime.java8.JFunction0$mcV$sp.apply(JFunction0$mcV$sp.java:12)
	at scala.util.Try$.apply(Try.scala:209)
	at langserver.core.Connection.$anonfun$notifySubscribers$1(Connection.scala:42)
	at scala.collection.immutable.List.foreach(List.scala:389)
	at scala.collection.generic.TraversableForwarder.foreach(TraversableForwarder.scala:35)
	at scala.collection.generic.TraversableForwarder.foreach$(TraversableForwarder.scala:35)
	at scala.collection.mutable.ListBuffer.foreach(ListBuffer.scala:44)
	at langserver.core.Connection.notifySubscribers(Connection.scala:41)
	at langserver.core.Connection.$anonfun$start$4(Connection.scala:99)
	at langserver.core.Connection.$anonfun$start$4$adapted(Connection.scala:99)
	at play.api.libs.json.JsSuccess.fold(JsResult.scala:15)
	at langserver.core.Connection.$anonfun$start$2(Connection.scala:99)
	at langserver.core.Connection.$anonfun$start$2$adapted(Connection.scala:97)
	at scala.Option.fold(Option.scala:158)
	at langserver.core.Connection.start(Connection.scala:97)
	at langserver.core.LanguageServer.start(LanguageServer.scala:50)
	at org.github.dragos.vscode.EnsimeLanguageServer.start(EnsimeLanguageServer.scala:51)
	at org.github.dragos.vscode.Main$.main(Main.scala:23)
	at org.github.dragos.vscode.Main.main(Main.scala)
	at sun.reflect.NativeMethodAccessorImpl.invoke0(Native Method)
	at sun.reflect.NativeMethodAccessorImpl.invoke(NativeMethodAccessorImpl.java:62)
	at sun.reflect.DelegatingMethodAccessorImpl.invoke(DelegatingMethodAccessorImpl.java:43)
	at java.lang.reflect.Method.invoke(Method.java:498)
	at coursier.cli.qn.a(Unknown Source)
	at coursier.cli.qm.i(Unknown Source)
	at coursier.cli.qs.a(Unknown Source)
	at c.g.a.c(Unknown Source)
	at a.b.d_(Unknown Source)
	at c.b.d.E.g(Unknown Source)
	at c.b.e.aU.g(Unknown Source)
	at a.c.a(Unknown Source)
	at coursier.cli.qm.b(Unknown Source)
	at coursier.cli.M.b(Unknown Source)
	at a.J.d_(Unknown Source)
	at c.E.h(Unknown Source)
	at a.c.a(Unknown Source)
	at coursier.cli.Coursier.main(Unknown Source)
	at sun.reflect.NativeMethodAccessorImpl.invoke0(Native Method)
	at sun.reflect.NativeMethodAccessorImpl.invoke(NativeMethodAccessorImpl.java:62)
	at sun.reflect.DelegatingMethodAccessorImpl.invoke(DelegatingMethodAccessorImpl.java:43)
	at java.lang.reflect.Method.invoke(Method.java:498)
	at coursier.Bootstrap.main(Bootstrap.java:412)
org.ensime.sexp.DeserializationException: Unable to parse SexpSymbol(up)
	at org.ensime.sexp.formats.package$.deserializationError(package.scala:7)
	at org.ensime.sexp.formats.LegacyLowPriorityProductFormats$$anon$1.read(LegacyProductFormats.scala:88)
	at org.ensime.sexp.Sexp.convertTo(Sexp.scala:21)
	at org.ensime.config.EnsimeConfigProtocol$.parse(EnsimeConfigProtocol.scala:43)
	at org.github.dragos.vscode.EnsimeLanguageServer.$anonfun$initializeEnsime$1(EnsimeLanguageServer.scala:101)
	at scala.util.Try$.apply(Try.scala:209)
	at org.github.dragos.vscode.EnsimeLanguageServer.initializeEnsime(EnsimeLanguageServer.scala:97)
	at org.github.dragos.vscode.EnsimeLanguageServer.$anonfun$onChangeWatchedFiles$2(EnsimeLanguageServer.scala:139)
	at scala.util.Success.$anonfun$map$1(Try.scala:251)
	at scala.util.Success.map(Try.scala:209)
	at org.github.dragos.vscode.EnsimeLanguageServer.onChangeWatchedFiles(EnsimeLanguageServer.scala:135)
	at langserver.core.LanguageServer.$anonfun$new$1(LanguageServer.scala:45)
	at langserver.core.LanguageServer.$anonfun$new$1$adapted(LanguageServer.scala:40)
	at langserver.core.Connection.$anonfun$notifySubscribers$2(Connection.scala:42)
	at scala.runtime.java8.JFunction0$mcV$sp.apply(JFunction0$mcV$sp.java:12)
	at scala.util.Try$.apply(Try.scala:209)
	at langserver.core.Connection.$anonfun$notifySubscribers$1(Connection.scala:42)
	at scala.collection.immutable.List.foreach(List.scala:389)
	at scala.collection.generic.TraversableForwarder.foreach(TraversableForwarder.scala:35)
	at scala.collection.generic.TraversableForwarder.foreach$(TraversableForwarder.scala:35)
	at scala.collection.mutable.ListBuffer.foreach(ListBuffer.scala:44)
	at langserver.core.Connection.notifySubscribers(Connection.scala:41)
	at langserver.core.Connection.$anonfun$start$4(Connection.scala:99)
	at langserver.core.Connection.$anonfun$start$4$adapted(Connection.scala:99)
	at play.api.libs.json.JsSuccess.fold(JsResult.scala:15)
	at langserver.core.Connection.$anonfun$start$2(Connection.scala:99)
	at langserver.core.Connection.$anonfun$start$2$adapted(Connection.scala:97)
	at scala.Option.fold(Option.scala:158)
	at langserver.core.Connection.start(Connection.scala:97)
	at langserver.core.LanguageServer.start(LanguageServer.scala:50)
	at org.github.dragos.vscode.EnsimeLanguageServer.start(EnsimeLanguageServer.scala:51)
	at org.github.dragos.vscode.Main$.main(Main.scala:23)
	at org.github.dragos.vscode.Main.main(Main.scala)
	at sun.reflect.NativeMethodAccessorImpl.invoke0(Native Method)
	at sun.reflect.NativeMethodAccessorImpl.invoke(NativeMethodAccessorImpl.java:62)
	at sun.reflect.DelegatingMethodAccessorImpl.invoke(DelegatingMethodAccessorImpl.java:43)
	at java.lang.reflect.Method.invoke(Method.java:498)
	at coursier.cli.qn.a(Unknown Source)
	at coursier.cli.qm.i(Unknown Source)
	at coursier.cli.qs.a(Unknown Source)
	at c.g.a.c(Unknown Source)
	at a.b.d_(Unknown Source)
	at c.b.d.E.g(Unknown Source)
	at c.b.e.aU.g(Unknown Source)
	at a.c.a(Unknown Source)
	at coursier.cli.qm.b(Unknown Source)
	at coursier.cli.M.b(Unknown Source)
	at a.J.d_(Unknown Source)
	at c.E.h(Unknown Source)
	at a.c.a(Unknown Source)
	at coursier.cli.Coursier.main(Unknown Source)
	at sun.reflect.NativeMethodAccessorImpl.invoke0(Native Method)
	at sun.reflect.NativeMethodAccessorImpl.invoke(NativeMethodAccessorImpl.java:62)
	at sun.reflect.DelegatingMethodAccessorImpl.invoke(DelegatingMethodAccessorImpl.java:43)
	at java.lang.reflect.Method.invoke(Method.java:498)
	at coursier.Bootstrap.main(Bootstrap.java:412)
