2019-07-13 23:53:07,961 [main] INFO  [design.DesignApplication] - App正在运行 
2019-07-14 11:31:01,333 [main] INFO  [design.DesignApplication] - App正在运行 
2019-07-14 11:31:01,334 [main] DEBUG [design.DesignApplication] - log4j正在运行 
2019-07-14 11:33:23,584 [main] INFO  [design.DesignApplication] design.DesignApplication.main(DesignApplication.java:18) - App正在运行 
2019-07-14 11:33:23,587 [main] DEBUG [design.DesignApplication] design.DesignApplication.main(DesignApplication.java:19) - log4j正在运行 
2019-07-14 11:34:16,278 [main] INFO  [design.DesignApplication.main(DesignApplication.java:18)]2019-07-14 11:34:16,284 [main] DEBUG [design.DesignApplication.main(DesignApplication.java:19)]2019-07-14 11:38:37,960 [main] INFO  [design.DesignApplication.main(DesignApplication.java:18)] - App正在运行 
2019-07-14 11:38:37,963 [main] DEBUG [design.DesignApplication.main(DesignApplication.java:19)] - log4j正在运行 
2019-07-14 13:24:10,345 [main] INFO  [DesignApplication.main(DesignApplication.java:16)] - App正在运行 
2019-07-14 13:24:10,347 [main] DEBUG [DesignApplication.main(DesignApplication.java:17)] - log4j正在运行 
2019-07-15 22:44:34,790 [main] DEBUG [design.AppTest.testApp(AppTest.java:21)] - testApp 
2019-09-22 13:05:27,502 [main] INFO  [DesignApplication.main(DesignApplication.java:18)] - App正在运行 
2019-09-22 13:05:27,504 [main] DEBUG [DesignApplication.main(DesignApplication.java:19)] - log4j正在运行 
2019-09-22 13:09:31,086 [main] INFO  [DesignApplication.main(DesignApplication.java:18)] - App正在运行 
2019-09-22 13:09:31,088 [main] DEBUG [DesignApplication.main(DesignApplication.java:19)] - log4j正在运行 
2019-09-22 15:06:31,909 [main] INFO  [pattern.App.lambda$main$1(App.java:36)] - Yixing 
2019-09-22 15:07:07,712 [main] DEBUG [pattern.App.lambda$main$1(App.java:36)] - {"age":25,"firstName":"Yixing","lastName":"Zhao"} 
2019-09-22 15:07:07,714 [main] INFO  [pattern.App.lambda$main$1(App.java:37)] - Yixing 
2019-09-22 15:07:41,602 [main] DEBUG [pattern.App.lambda$main$1(App.java:36)] - {"firstName":"Yixing","lastName":"Zhao","age":25} 
2019-09-22 15:07:41,621 [main] INFO  [pattern.App.lambda$main$1(App.java:37)] - Yixing 
2019-09-22 15:07:58,620 [main] DEBUG [pattern.App.lambda$main$1(App.java:36)] - Person(firstName=Yixing, lastName=Zhao, age=25) 
2019-09-22 15:07:58,623 [main] INFO  [pattern.App.lambda$main$1(App.java:37)] - Yixing 
2019-09-22 15:08:12,237 [main] DEBUG [pattern.App.lambda$main$1(App.java:36)] - {"age":25,"firstName":"Yixing","lastName":"Zhao"} 
2019-09-22 15:08:12,239 [main] INFO  [pattern.App.lambda$main$1(App.java:37)] - Yixing 
2019-09-22 15:19:28,806 [main] DEBUG [pattern.App.lambda$main$1(App.java:43)] - {"age":25,"firstName":"Yixing","lastName":"Zhao"} 
2019-09-22 15:19:28,808 [main] INFO  [pattern.App.lambda$main$1(App.java:44)] - Yixing 
2019-09-22 15:19:41,717 [main] DEBUG [pattern.App.lambda$main$1(App.java:43)] - {"age":25,"firstName":"Yixing","lastName":"Zhao"} 
2019-09-22 15:19:41,719 [main] INFO  [pattern.App.lambda$main$1(App.java:44)] - Yixing 
2019-09-22 15:19:51,599 [main] DEBUG [pattern.App.lambda$main$1(App.java:43)] - {"age":25,"firstName":"Yixing","lastName":"Zhao"} 
2019-09-22 15:19:51,600 [main] INFO  [pattern.App.lambda$main$1(App.java:44)] - Yixing 
2019-09-22 15:48:42,874 [main] DEBUG [pattern.App.lambda$main$1(App.java:39)] - {"age":25,"firstName":"Yixing","lastName":"Zhao"} 
2019-09-22 15:48:42,876 [main] INFO  [pattern.App.lambda$main$1(App.java:40)] - Yixing 
2019-09-22 15:48:42,878 [main] INFO  [pattern.App.main(App.java:47)] - Person(firstName=Yixing, lastName=Zhao, age=25) 
2019-09-27 10:03:57,252 [main] DEBUG [pattern.App.lambda$main$1(App.java:39)] - {"age":25,"firstName":"Yixing","lastName":"Zhao"} 
2019-09-27 10:03:57,254 [main] INFO  [pattern.App.lambda$main$1(App.java:40)] - Yixing 
2019-09-27 10:03:57,257 [main] INFO  [pattern.App.main(App.java:47)] - Person(firstName=Yixing, lastName=Zhao, age=25) 
2019-09-27 10:03:57,257 [main] DEBUG [pattern.App.main(App.java:52)] - Person(firstName=Yixing, lastName=Zhao, age=25) 
2019-09-27 10:03:57,257 [main] DEBUG [pattern.App.main(App.java:53)] - Person(firstName=Yixing, lastName=Zhao, age=25) 
2019-09-27 10:03:57,258 [main] DEBUG [pattern.App.main(App.java:54)] - ZHAO 
2019-09-27 10:03:57,259 [main] INFO  [pattern.App.lambda$main$5(App.java:55)] - Person(firstName=Yixing, lastName=Zhao, age=25) 
2019-10-20 17:50:01,574 [main] INFO  [DesignApplication.main(DesignApplication.java:18)] - App正在运行 
2019-10-20 17:50:01,578 [main] DEBUG [DesignApplication.main(DesignApplication.java:19)] - log4j正在运行 
2020-02-06 16:28:21,082 [main] INFO  [DesignApplication.main(DesignApplication.java:17)] - App正在运行 
2020-02-06 16:28:21,084 [main] DEBUG [DesignApplication.main(DesignApplication.java:18)] - log4j正在运行 
2020-02-06 16:28:50,096 [main] DEBUG [pattern.App.lambda$main$1(App.java:39)] - {"age":25,"firstName":"Yixing","lastName":"Zhao"} 
2020-02-06 16:28:50,099 [main] INFO  [pattern.App.lambda$main$1(App.java:40)] - Yixing 
2020-02-06 16:28:50,102 [main] INFO  [pattern.App.main(App.java:47)] - Person(firstName=Yixing, lastName=Zhao, age=25) 
2020-02-06 16:28:50,102 [main] DEBUG [pattern.App.main(App.java:52)] - Person(firstName=Yixing, lastName=Zhao, age=25) 
2020-02-06 16:28:50,103 [main] DEBUG [pattern.App.main(App.java:53)] - Person(firstName=Yixing, lastName=Zhao, age=25) 
2020-02-06 16:28:50,104 [main] DEBUG [pattern.App.main(App.java:54)] - ZHAO 
2020-02-06 16:28:50,104 [main] INFO  [pattern.App.lambda$main$5(App.java:55)] - Person(firstName=Yixing, lastName=Zhao, age=25) 
2020-02-16 20:07:37,263 [main] INFO  [pattern.headfirst.Player.guess(Player.java:13)] - I guess number:5 
2020-02-16 20:07:37,266 [main] INFO  [pattern.headfirst.Player.guess(Player.java:13)] - I guess number:6 
2020-02-16 20:07:37,266 [main] INFO  [pattern.headfirst.Player.guess(Player.java:13)] - I guess number:1 
2020-02-16 20:07:37,266 [main] INFO  [pattern.headfirst.Player.guess(Player.java:13)] - I guess number:8 
2020-02-16 20:07:37,269 [main] INFO  [pattern.headfirst.GuessGame.startGame(GuessGame.java:28)] - p1 guess:1 
2020-02-16 20:07:37,269 [main] INFO  [pattern.headfirst.GuessGame.startGame(GuessGame.java:29)] - p2 guess:8 
2020-02-16 20:07:37,269 [main] INFO  [pattern.headfirst.GuessGame.startGame(GuessGame.java:35)] - We need try anagin 
2020-02-16 20:07:37,269 [main] INFO  [pattern.headfirst.Player.guess(Player.java:13)] - I guess number:4 
2020-02-16 20:07:37,269 [main] INFO  [pattern.headfirst.Player.guess(Player.java:13)] - I guess number:7 
2020-02-16 20:07:37,269 [main] INFO  [pattern.headfirst.GuessGame.startGame(GuessGame.java:28)] - p1 guess:4 
2020-02-16 20:07:37,269 [main] INFO  [pattern.headfirst.GuessGame.startGame(GuessGame.java:29)] - p2 guess:7 
2020-02-16 20:07:37,269 [main] INFO  [pattern.headfirst.GuessGame.startGame(GuessGame.java:35)] - We need try anagin 
2020-02-16 20:07:37,269 [main] INFO  [pattern.headfirst.Player.guess(Player.java:13)] - I guess number:9 
2020-02-16 20:07:37,270 [main] INFO  [pattern.headfirst.Player.guess(Player.java:13)] - I guess number:2 
2020-02-16 20:07:37,270 [main] INFO  [pattern.headfirst.GuessGame.startGame(GuessGame.java:28)] - p1 guess:9 
2020-02-16 20:07:37,270 [main] INFO  [pattern.headfirst.GuessGame.startGame(GuessGame.java:29)] - p2 guess:2 
2020-02-16 20:07:37,271 [main] INFO  [pattern.headfirst.GuessGame.startGame(GuessGame.java:35)] - We need try anagin 
2020-02-16 20:07:37,272 [main] INFO  [pattern.headfirst.Player.guess(Player.java:13)] - I guess number:3 
2020-02-16 20:07:37,272 [main] INFO  [pattern.headfirst.Player.guess(Player.java:13)] - I guess number:2 
2020-02-16 20:07:37,272 [main] INFO  [pattern.headfirst.GuessGame.startGame(GuessGame.java:28)] - p1 guess:3 
2020-02-16 20:07:37,272 [main] INFO  [pattern.headfirst.GuessGame.startGame(GuessGame.java:29)] - p2 guess:2 
2020-02-16 20:07:37,272 [main] INFO  [pattern.headfirst.GuessGame.startGame(GuessGame.java:35)] - We need try anagin 
2020-02-16 20:07:37,272 [main] INFO  [pattern.headfirst.Player.guess(Player.java:13)] - I guess number:2 
2020-02-16 20:07:37,272 [main] INFO  [pattern.headfirst.Player.guess(Player.java:13)] - I guess number:1 
2020-02-16 20:07:37,272 [main] INFO  [pattern.headfirst.GuessGame.startGame(GuessGame.java:28)] - p1 guess:2 
2020-02-16 20:07:37,273 [main] INFO  [pattern.headfirst.GuessGame.startGame(GuessGame.java:29)] - p2 guess:1 
2020-02-16 20:07:37,273 [main] INFO  [pattern.headfirst.GuessGame.startGame(GuessGame.java:35)] - We need try anagin 
2020-02-16 20:07:37,273 [main] INFO  [pattern.headfirst.Player.guess(Player.java:13)] - I guess number:3 
2020-02-16 20:07:37,273 [main] INFO  [pattern.headfirst.Player.guess(Player.java:13)] - I guess number:7 
2020-02-16 20:07:37,273 [main] INFO  [pattern.headfirst.GuessGame.startGame(GuessGame.java:28)] - p1 guess:3 
2020-02-16 20:07:37,273 [main] INFO  [pattern.headfirst.GuessGame.startGame(GuessGame.java:29)] - p2 guess:7 
2020-02-16 20:07:37,273 [main] INFO  [pattern.headfirst.GuessGame.startGame(GuessGame.java:35)] - We need try anagin 
2020-02-16 20:07:37,273 [main] INFO  [pattern.headfirst.Player.guess(Player.java:13)] - I guess number:0 
2020-02-16 20:07:37,273 [main] INFO  [pattern.headfirst.Player.guess(Player.java:13)] - I guess number:8 
2020-02-16 20:07:37,274 [main] INFO  [pattern.headfirst.GuessGame.startGame(GuessGame.java:28)] - p1 guess:0 
2020-02-16 20:07:37,274 [main] INFO  [pattern.headfirst.GuessGame.startGame(GuessGame.java:29)] - p2 guess:8 
2020-02-16 20:07:37,274 [main] INFO  [pattern.headfirst.GuessGame.startGame(GuessGame.java:32)] - false 
2020-02-17 18:30:01,814 [main] INFO  [pattern.headfirst.Player.guess(Player.java:20)] - p1 guess number:8 
2020-02-17 18:30:01,817 [main] INFO  [pattern.headfirst.Player.guess(Player.java:20)] - p2 guess number:2 
2020-02-17 18:30:01,817 [main] INFO  [pattern.headfirst.Player.guess(Player.java:20)] - p1 guess number:1 
2020-02-17 18:30:01,818 [main] INFO  [pattern.headfirst.Player.guess(Player.java:20)] - p2 guess number:6 
2020-02-17 18:30:01,820 [main] INFO  [pattern.headfirst.GuessGame.startGame(GuessGame.java:36)] - We need try again! 
2020-02-17 18:30:01,820 [main] INFO  [pattern.headfirst.Player.guess(Player.java:20)] - p1 guess number:7 
2020-02-17 18:30:01,821 [main] INFO  [pattern.headfirst.Player.guess(Player.java:20)] - p2 guess number:2 
2020-02-17 18:30:01,821 [main] INFO  [pattern.headfirst.GuessGame.startGame(GuessGame.java:36)] - We need try again! 
2020-02-17 18:30:01,821 [main] INFO  [pattern.headfirst.Player.guess(Player.java:20)] - p1 guess number:7 
2020-02-17 18:30:01,821 [main] INFO  [pattern.headfirst.Player.guess(Player.java:20)] - p2 guess number:6 
2020-02-17 18:30:01,821 [main] INFO  [pattern.headfirst.GuessGame.startGame(GuessGame.java:36)] - We need try again! 
2020-02-17 18:30:01,821 [main] INFO  [pattern.headfirst.Player.guess(Player.java:20)] - p1 guess number:5 
2020-02-17 18:30:01,821 [main] INFO  [pattern.headfirst.Player.guess(Player.java:20)] - p2 guess number:7 
2020-02-17 18:30:01,821 [main] INFO  [pattern.headfirst.GuessGame.startGame(GuessGame.java:36)] - We need try again! 
2020-02-17 18:30:01,821 [main] INFO  [pattern.headfirst.Player.guess(Player.java:20)] - p1 guess number:2 
2020-02-17 18:30:01,822 [main] INFO  [pattern.headfirst.Player.guess(Player.java:20)] - p2 guess number:5 
2020-02-17 18:30:01,824 [main] INFO  [pattern.headfirst.GuessGame.startGame(GuessGame.java:36)] - We need try again! 
2020-02-17 18:30:01,824 [main] INFO  [pattern.headfirst.Player.guess(Player.java:20)] - p1 guess number:1 
2020-02-17 18:30:01,824 [main] INFO  [pattern.headfirst.Player.guess(Player.java:20)] - p2 guess number:8 
2020-02-17 18:30:01,825 [main] INFO  [pattern.headfirst.GuessGame.startGame(GuessGame.java:36)] - We need try again! 
2020-02-17 18:30:01,825 [main] INFO  [pattern.headfirst.Player.guess(Player.java:20)] - p1 guess number:5 
2020-02-17 18:30:01,825 [main] INFO  [pattern.headfirst.Player.guess(Player.java:20)] - p2 guess number:1 
2020-02-17 18:30:01,825 [main] INFO  [pattern.headfirst.GuessGame.startGame(GuessGame.java:36)] - We need try again! 
2020-02-17 18:30:01,825 [main] INFO  [pattern.headfirst.Player.guess(Player.java:20)] - p1 guess number:5 
2020-02-17 18:30:01,825 [main] INFO  [pattern.headfirst.Player.guess(Player.java:20)] - p2 guess number:3 
2020-02-17 18:30:01,825 [main] INFO  [pattern.headfirst.GuessGame.startGame(GuessGame.java:36)] - We need try again! 
2020-02-17 18:30:01,825 [main] INFO  [pattern.headfirst.Player.guess(Player.java:20)] - p1 guess number:9 
2020-02-17 18:30:01,826 [main] INFO  [pattern.headfirst.Player.guess(Player.java:20)] - p2 guess number:1 
2020-02-17 18:30:01,826 [main] INFO  [pattern.headfirst.GuessGame.startGame(GuessGame.java:36)] - We need try again! 
2020-02-17 18:30:01,826 [main] INFO  [pattern.headfirst.Player.guess(Player.java:20)] - p1 guess number:0 
2020-02-17 18:30:01,826 [main] INFO  [pattern.headfirst.Player.guess(Player.java:20)] - p2 guess number:1 
2020-02-17 18:30:01,826 [main] INFO  [pattern.headfirst.GuessGame.startGame(GuessGame.java:33)] - false 
2020-02-17 18:30:37,677 [main] INFO  [pattern.headfirst.Player.guess(Player.java:20)] - p1 guess number:0 
2020-02-17 18:30:37,678 [main] INFO  [pattern.headfirst.Player.guess(Player.java:20)] - p2 guess number:0 
2020-02-17 18:30:37,679 [main] INFO  [pattern.headfirst.GuessGame.startGame(GuessGame.java:33)] - false 
2020-02-17 18:30:43,929 [main] INFO  [pattern.headfirst.Player.guess(Player.java:20)] - p1 guess number:5 
2020-02-17 18:30:43,931 [main] INFO  [pattern.headfirst.Player.guess(Player.java:20)] - p2 guess number:1 
2020-02-17 18:30:43,931 [main] INFO  [pattern.headfirst.GuessGame.startGame(GuessGame.java:36)] - We need try again! 
2020-02-17 18:30:43,931 [main] INFO  [pattern.headfirst.Player.guess(Player.java:20)] - p1 guess number:3 
2020-02-17 18:30:43,931 [main] INFO  [pattern.headfirst.Player.guess(Player.java:20)] - p2 guess number:1 
2020-02-17 18:30:43,933 [main] INFO  [pattern.headfirst.GuessGame.startGame(GuessGame.java:36)] - We need try again! 
2020-02-17 18:30:43,933 [main] INFO  [pattern.headfirst.Player.guess(Player.java:20)] - p1 guess number:2 
2020-02-17 18:30:43,933 [main] INFO  [pattern.headfirst.Player.guess(Player.java:20)] - p2 guess number:4 
2020-02-17 18:30:43,933 [main] INFO  [pattern.headfirst.GuessGame.startGame(GuessGame.java:36)] - We need try again! 
2020-02-17 18:30:43,933 [main] INFO  [pattern.headfirst.Player.guess(Player.java:20)] - p1 guess number:5 
2020-02-17 18:30:43,933 [main] INFO  [pattern.headfirst.Player.guess(Player.java:20)] - p2 guess number:9 
2020-02-17 18:30:43,933 [main] INFO  [pattern.headfirst.GuessGame.startGame(GuessGame.java:36)] - We need try again! 
2020-02-17 18:30:43,933 [main] INFO  [pattern.headfirst.Player.guess(Player.java:20)] - p1 guess number:8 
2020-02-17 18:30:43,934 [main] INFO  [pattern.headfirst.Player.guess(Player.java:20)] - p2 guess number:3 
2020-02-17 18:30:43,934 [main] INFO  [pattern.headfirst.GuessGame.startGame(GuessGame.java:36)] - We need try again! 
2020-02-17 18:30:43,934 [main] INFO  [pattern.headfirst.Player.guess(Player.java:20)] - p1 guess number:0 
2020-02-17 18:30:43,935 [main] INFO  [pattern.headfirst.Player.guess(Player.java:20)] - p2 guess number:7 
2020-02-17 18:30:43,935 [main] INFO  [pattern.headfirst.GuessGame.startGame(GuessGame.java:33)] - false 
2020-02-17 18:32:01,930 [main] INFO  [pattern.headfirst.Player.guess(Player.java:20)] - p1 guess number:6 
2020-02-17 18:32:01,932 [main] INFO  [pattern.headfirst.Player.guess(Player.java:20)] - p2 guess number:3 
2020-02-17 18:32:01,932 [main] INFO  [pattern.headfirst.GuessGame.startGame(GuessGame.java:36)] - We need try again! 
2020-02-17 18:32:01,932 [main] INFO  [pattern.headfirst.Player.guess(Player.java:20)] - p1 guess number:7 
2020-02-17 18:32:01,932 [main] INFO  [pattern.headfirst.Player.guess(Player.java:20)] - p2 guess number:2 
2020-02-17 18:32:01,934 [main] INFO  [pattern.headfirst.GuessGame.startGame(GuessGame.java:36)] - We need try again! 
2020-02-17 18:32:01,934 [main] INFO  [pattern.headfirst.Player.guess(Player.java:20)] - p1 guess number:9 
2020-02-17 18:32:01,934 [main] INFO  [pattern.headfirst.Player.guess(Player.java:20)] - p2 guess number:1 
2020-02-17 18:32:01,934 [main] INFO  [pattern.headfirst.GuessGame.startGame(GuessGame.java:36)] - We need try again! 
2020-02-17 18:32:01,934 [main] INFO  [pattern.headfirst.Player.guess(Player.java:20)] - p1 guess number:6 
2020-02-17 18:32:01,935 [main] INFO  [pattern.headfirst.Player.guess(Player.java:20)] - p2 guess number:0 
2020-02-17 18:32:01,935 [main] INFO  [pattern.headfirst.GuessGame.startGame(GuessGame.java:33)] - We have a winner。p1 guess:falsep2 guesstrue 
2020-02-17 18:32:12,601 [main] INFO  [pattern.headfirst.Player.guess(Player.java:20)] - p1 guess number:8 
2020-02-17 18:32:12,603 [main] INFO  [pattern.headfirst.Player.guess(Player.java:20)] - p2 guess number:3 
2020-02-17 18:32:12,603 [main] INFO  [pattern.headfirst.GuessGame.startGame(GuessGame.java:36)] - We need try again! 
2020-02-17 18:32:12,603 [main] INFO  [pattern.headfirst.Player.guess(Player.java:20)] - p1 guess number:8 
2020-02-17 18:32:12,603 [main] INFO  [pattern.headfirst.Player.guess(Player.java:20)] - p2 guess number:1 
2020-02-17 18:32:12,605 [main] INFO  [pattern.headfirst.GuessGame.startGame(GuessGame.java:36)] - We need try again! 
2020-02-17 18:32:12,605 [main] INFO  [pattern.headfirst.Player.guess(Player.java:20)] - p1 guess number:9 
2020-02-17 18:32:12,605 [main] INFO  [pattern.headfirst.Player.guess(Player.java:20)] - p2 guess number:1 
2020-02-17 18:32:12,605 [main] INFO  [pattern.headfirst.GuessGame.startGame(GuessGame.java:36)] - We need try again! 
2020-02-17 18:32:12,605 [main] INFO  [pattern.headfirst.Player.guess(Player.java:20)] - p1 guess number:8 
2020-02-17 18:32:12,605 [main] INFO  [pattern.headfirst.Player.guess(Player.java:20)] - p2 guess number:3 
2020-02-17 18:32:12,605 [main] INFO  [pattern.headfirst.GuessGame.startGame(GuessGame.java:36)] - We need try again! 
2020-02-17 18:32:12,605 [main] INFO  [pattern.headfirst.Player.guess(Player.java:20)] - p1 guess number:4 
2020-02-17 18:32:12,606 [main] INFO  [pattern.headfirst.Player.guess(Player.java:20)] - p2 guess number:1 
2020-02-17 18:32:12,606 [main] INFO  [pattern.headfirst.GuessGame.startGame(GuessGame.java:36)] - We need try again! 
2020-02-17 18:32:12,606 [main] INFO  [pattern.headfirst.Player.guess(Player.java:20)] - p1 guess number:0 
2020-02-17 18:32:12,607 [main] INFO  [pattern.headfirst.Player.guess(Player.java:20)] - p2 guess number:0 
2020-02-17 18:32:12,607 [main] INFO  [pattern.headfirst.GuessGame.startGame(GuessGame.java:33)] - We have a winner。p1 guess:true p2 guesstrue 
2020-02-18 11:17:58,879 [main] INFO  [pattern.headfirst.Player.guess(Player.java:20)] - p1 guess number:0 
2020-02-18 11:17:58,881 [main] INFO  [pattern.headfirst.Player.guess(Player.java:20)] - p2 guess number:4 
2020-02-18 11:17:58,881 [main] INFO  [pattern.headfirst.GuessGame.startGame(GuessGame.java:33)] - We have a winner。p1 guess:true p2 guess:false 
2020-02-18 11:48:28,078 [main] INFO  [pattern.headfirst.Player.guess(Player.java:20)] - p1 guess number:8 
2020-02-18 11:48:28,080 [main] INFO  [pattern.headfirst.Player.guess(Player.java:20)] - p2 guess number:2 
2020-02-18 11:48:28,080 [main] INFO  [pattern.headfirst.GuessGame.startGame(GuessGame.java:36)] - We need try again! 
2020-02-18 11:48:28,080 [main] INFO  [pattern.headfirst.Player.guess(Player.java:20)] - p1 guess number:8 
2020-02-18 11:48:28,080 [main] INFO  [pattern.headfirst.Player.guess(Player.java:20)] - p2 guess number:9 
2020-02-18 11:48:28,082 [main] INFO  [pattern.headfirst.GuessGame.startGame(GuessGame.java:36)] - We need try again! 
2020-02-18 11:48:28,082 [main] INFO  [pattern.headfirst.Player.guess(Player.java:20)] - p1 guess number:4 
2020-02-18 11:48:28,083 [main] INFO  [pattern.headfirst.Player.guess(Player.java:20)] - p2 guess number:8 
2020-02-18 11:48:28,083 [main] INFO  [pattern.headfirst.GuessGame.startGame(GuessGame.java:36)] - We need try again! 
2020-02-18 11:48:28,083 [main] INFO  [pattern.headfirst.Player.guess(Player.java:20)] - p1 guess number:8 
2020-02-18 11:48:28,083 [main] INFO  [pattern.headfirst.Player.guess(Player.java:20)] - p2 guess number:2 
2020-02-18 11:48:28,083 [main] INFO  [pattern.headfirst.GuessGame.startGame(GuessGame.java:36)] - We need try again! 
2020-02-18 11:48:28,083 [main] INFO  [pattern.headfirst.Player.guess(Player.java:20)] - p1 guess number:7 
2020-02-18 11:48:28,083 [main] INFO  [pattern.headfirst.Player.guess(Player.java:20)] - p2 guess number:5 
2020-02-18 11:48:28,083 [main] INFO  [pattern.headfirst.GuessGame.startGame(GuessGame.java:36)] - We need try again! 
2020-02-18 11:48:28,083 [main] INFO  [pattern.headfirst.Player.guess(Player.java:20)] - p1 guess number:7 
2020-02-18 11:48:28,084 [main] INFO  [pattern.headfirst.Player.guess(Player.java:20)] - p2 guess number:5 
2020-02-18 11:48:28,085 [main] INFO  [pattern.headfirst.GuessGame.startGame(GuessGame.java:36)] - We need try again! 
2020-02-18 11:48:28,085 [main] INFO  [pattern.headfirst.Player.guess(Player.java:20)] - p1 guess number:9 
2020-02-18 11:48:28,085 [main] INFO  [pattern.headfirst.Player.guess(Player.java:20)] - p2 guess number:7 
2020-02-18 11:48:28,085 [main] INFO  [pattern.headfirst.GuessGame.startGame(GuessGame.java:36)] - We need try again! 
2020-02-18 11:48:28,085 [main] INFO  [pattern.headfirst.Player.guess(Player.java:20)] - p1 guess number:6 
2020-02-18 11:48:28,085 [main] INFO  [pattern.headfirst.Player.guess(Player.java:20)] - p2 guess number:6 
2020-02-18 11:48:28,085 [main] INFO  [pattern.headfirst.GuessGame.startGame(GuessGame.java:36)] - We need try again! 
2020-02-18 11:48:28,085 [main] INFO  [pattern.headfirst.Player.guess(Player.java:20)] - p1 guess number:7 
2020-02-18 11:48:28,085 [main] INFO  [pattern.headfirst.Player.guess(Player.java:20)] - p2 guess number:7 
2020-02-18 11:48:28,085 [main] INFO  [pattern.headfirst.GuessGame.startGame(GuessGame.java:36)] - We need try again! 
2020-02-18 11:48:28,085 [main] INFO  [pattern.headfirst.Player.guess(Player.java:20)] - p1 guess number:2 
2020-02-18 11:48:28,085 [main] INFO  [pattern.headfirst.Player.guess(Player.java:20)] - p2 guess number:0 
2020-02-18 11:48:28,086 [main] INFO  [pattern.headfirst.GuessGame.startGame(GuessGame.java:33)] - We have a winner。p1 guess:false p2 guess:true 
2020-02-18 11:49:08,945 [main] INFO  [pattern.headfirst.GuessGame.<init>(GuessGame.java:21)] - the answer is :0 
2020-02-18 11:49:08,948 [main] INFO  [pattern.headfirst.Player.guess(Player.java:20)] - p1 guess number:5 
2020-02-18 11:49:08,948 [main] INFO  [pattern.headfirst.Player.guess(Player.java:20)] - p2 guess number:5 
2020-02-18 11:49:08,948 [main] INFO  [pattern.headfirst.GuessGame.startGame(GuessGame.java:36)] - We need try again! 
2020-02-18 11:49:08,948 [main] INFO  [pattern.headfirst.Player.guess(Player.java:20)] - p1 guess number:3 
2020-02-18 11:49:08,949 [main] INFO  [pattern.headfirst.Player.guess(Player.java:20)] - p2 guess number:5 
2020-02-18 11:49:08,950 [main] INFO  [pattern.headfirst.GuessGame.startGame(GuessGame.java:36)] - We need try again! 
2020-02-18 11:49:08,950 [main] INFO  [pattern.headfirst.Player.guess(Player.java:20)] - p1 guess number:7 
2020-02-18 11:49:08,950 [main] INFO  [pattern.headfirst.Player.guess(Player.java:20)] - p2 guess number:4 
2020-02-18 11:49:08,950 [main] INFO  [pattern.headfirst.GuessGame.startGame(GuessGame.java:36)] - We need try again! 
2020-02-18 11:49:08,950 [main] INFO  [pattern.headfirst.Player.guess(Player.java:20)] - p1 guess number:6 
2020-02-18 11:49:08,950 [main] INFO  [pattern.headfirst.Player.guess(Player.java:20)] - p2 guess number:4 
2020-02-18 11:49:08,950 [main] INFO  [pattern.headfirst.GuessGame.startGame(GuessGame.java:36)] - We need try again! 
2020-02-18 11:49:08,950 [main] INFO  [pattern.headfirst.Player.guess(Player.java:20)] - p1 guess number:1 
2020-02-18 11:49:08,950 [main] INFO  [pattern.headfirst.Player.guess(Player.java:20)] - p2 guess number:9 
2020-02-18 11:49:08,950 [main] INFO  [pattern.headfirst.GuessGame.startGame(GuessGame.java:36)] - We need try again! 
2020-02-18 11:49:08,951 [main] INFO  [pattern.headfirst.Player.guess(Player.java:20)] - p1 guess number:3 
2020-02-18 11:49:08,951 [main] INFO  [pattern.headfirst.Player.guess(Player.java:20)] - p2 guess number:3 
2020-02-18 11:49:08,952 [main] INFO  [pattern.headfirst.GuessGame.startGame(GuessGame.java:36)] - We need try again! 
2020-02-18 11:49:08,952 [main] INFO  [pattern.headfirst.Player.guess(Player.java:20)] - p1 guess number:6 
2020-02-18 11:49:08,952 [main] INFO  [pattern.headfirst.Player.guess(Player.java:20)] - p2 guess number:6 
2020-02-18 11:49:08,952 [main] INFO  [pattern.headfirst.GuessGame.startGame(GuessGame.java:36)] - We need try again! 
2020-02-18 11:49:08,952 [main] INFO  [pattern.headfirst.Player.guess(Player.java:20)] - p1 guess number:1 
2020-02-18 11:49:08,952 [main] INFO  [pattern.headfirst.Player.guess(Player.java:20)] - p2 guess number:7 
2020-02-18 11:49:08,952 [main] INFO  [pattern.headfirst.GuessGame.startGame(GuessGame.java:36)] - We need try again! 
2020-02-18 11:49:08,952 [main] INFO  [pattern.headfirst.Player.guess(Player.java:20)] - p1 guess number:7 
2020-02-18 11:49:08,952 [main] INFO  [pattern.headfirst.Player.guess(Player.java:20)] - p2 guess number:8 
2020-02-18 11:49:08,952 [main] INFO  [pattern.headfirst.GuessGame.startGame(GuessGame.java:36)] - We need try again! 
2020-02-18 11:49:08,952 [main] INFO  [pattern.headfirst.Player.guess(Player.java:20)] - p1 guess number:0 
2020-02-18 11:49:08,952 [main] INFO  [pattern.headfirst.Player.guess(Player.java:20)] - p2 guess number:3 
2020-02-18 11:49:08,953 [main] INFO  [pattern.headfirst.GuessGame.startGame(GuessGame.java:33)] - We have a winner。p1 guess:true p2 guess:false 
2020-02-18 11:49:20,840 [main] INFO  [pattern.headfirst.GuessGame.<init>(GuessGame.java:21)] - the answer is :0 
2020-02-18 11:49:20,843 [main] INFO  [pattern.headfirst.Player.guess(Player.java:20)] - p1 guess number:7 
2020-02-18 11:49:20,843 [main] INFO  [pattern.headfirst.Player.guess(Player.java:20)] - p2 guess number:5 
2020-02-18 11:49:20,843 [main] INFO  [pattern.headfirst.GuessGame.startGame(GuessGame.java:36)] - We need try again! 
2020-02-18 11:49:20,843 [main] INFO  [pattern.headfirst.Player.guess(Player.java:20)] - p1 guess number:9 
2020-02-18 11:49:20,845 [main] INFO  [pattern.headfirst.Player.guess(Player.java:20)] - p2 guess number:4 
2020-02-18 11:49:20,845 [main] INFO  [pattern.headfirst.GuessGame.startGame(GuessGame.java:36)] - We need try again! 
2020-02-18 11:49:20,845 [main] INFO  [pattern.headfirst.Player.guess(Player.java:20)] - p1 guess number:7 
2020-02-18 11:49:20,845 [main] INFO  [pattern.headfirst.Player.guess(Player.java:20)] - p2 guess number:3 
2020-02-18 11:49:20,845 [main] INFO  [pattern.headfirst.GuessGame.startGame(GuessGame.java:36)] - We need try again! 
2020-02-18 11:49:20,845 [main] INFO  [pattern.headfirst.Player.guess(Player.java:20)] - p1 guess number:8 
2020-02-18 11:49:20,845 [main] INFO  [pattern.headfirst.Player.guess(Player.java:20)] - p2 guess number:3 
2020-02-18 11:49:20,846 [main] INFO  [pattern.headfirst.GuessGame.startGame(GuessGame.java:36)] - We need try again! 
2020-02-18 11:49:20,846 [main] INFO  [pattern.headfirst.Player.guess(Player.java:20)] - p1 guess number:3 
2020-02-18 11:49:20,846 [main] INFO  [pattern.headfirst.Player.guess(Player.java:20)] - p2 guess number:4 
2020-02-18 11:49:20,846 [main] INFO  [pattern.headfirst.GuessGame.startGame(GuessGame.java:36)] - We need try again! 
2020-02-18 11:49:20,847 [main] INFO  [pattern.headfirst.Player.guess(Player.java:20)] - p1 guess number:7 
2020-02-18 11:49:20,847 [main] INFO  [pattern.headfirst.Player.guess(Player.java:20)] - p2 guess number:8 
2020-02-18 11:49:20,847 [main] INFO  [pattern.headfirst.GuessGame.startGame(GuessGame.java:36)] - We need try again! 
2020-02-18 11:49:20,847 [main] INFO  [pattern.headfirst.Player.guess(Player.java:20)] - p1 guess number:6 
2020-02-18 11:49:20,847 [main] INFO  [pattern.headfirst.Player.guess(Player.java:20)] - p2 guess number:2 
2020-02-18 11:49:20,847 [main] INFO  [pattern.headfirst.GuessGame.startGame(GuessGame.java:36)] - We need try again! 
2020-02-18 11:49:20,848 [main] INFO  [pattern.headfirst.Player.guess(Player.java:20)] - p1 guess number:4 
2020-02-18 11:49:20,848 [main] INFO  [pattern.headfirst.Player.guess(Player.java:20)] - p2 guess number:5 
2020-02-18 11:49:20,848 [main] INFO  [pattern.headfirst.GuessGame.startGame(GuessGame.java:36)] - We need try again! 
2020-02-18 11:49:20,848 [main] INFO  [pattern.headfirst.Player.guess(Player.java:20)] - p1 guess number:1 
2020-02-18 11:49:20,848 [main] INFO  [pattern.headfirst.Player.guess(Player.java:20)] - p2 guess number:5 
2020-02-18 11:49:20,848 [main] INFO  [pattern.headfirst.GuessGame.startGame(GuessGame.java:36)] - We need try again! 
2020-02-18 11:49:20,848 [main] INFO  [pattern.headfirst.Player.guess(Player.java:20)] - p1 guess number:1 
2020-02-18 11:49:20,848 [main] INFO  [pattern.headfirst.Player.guess(Player.java:20)] - p2 guess number:3 
2020-02-18 11:49:20,848 [main] INFO  [pattern.headfirst.GuessGame.startGame(GuessGame.java:36)] - We need try again! 
2020-02-18 11:49:20,848 [main] INFO  [pattern.headfirst.Player.guess(Player.java:20)] - p1 guess number:0 
2020-02-18 11:49:20,849 [main] INFO  [pattern.headfirst.Player.guess(Player.java:20)] - p2 guess number:6 
2020-02-18 11:49:20,849 [main] INFO  [pattern.headfirst.GuessGame.startGame(GuessGame.java:33)] - We have a winner。p1 guess:true p2 guess:false 
2020-02-18 11:49:25,866 [main] INFO  [pattern.headfirst.GuessGame.<init>(GuessGame.java:21)] - the answer is :0 
2020-02-18 11:49:25,868 [main] INFO  [pattern.headfirst.Player.guess(Player.java:20)] - p1 guess number:2 
2020-02-18 11:49:25,868 [main] INFO  [pattern.headfirst.Player.guess(Player.java:20)] - p2 guess number:9 
2020-02-18 11:49:25,868 [main] INFO  [pattern.headfirst.GuessGame.startGame(GuessGame.java:36)] - We need try again! 
2020-02-18 11:49:25,868 [main] INFO  [pattern.headfirst.Player.guess(Player.java:20)] - p1 guess number:1 
2020-02-18 11:49:25,870 [main] INFO  [pattern.headfirst.Player.guess(Player.java:20)] - p2 guess number:3 
2020-02-18 11:49:25,870 [main] INFO  [pattern.headfirst.GuessGame.startGame(GuessGame.java:36)] - We need try again! 
2020-02-18 11:49:25,871 [main] INFO  [pattern.headfirst.Player.guess(Player.java:20)] - p1 guess number:3 
2020-02-18 11:49:25,871 [main] INFO  [pattern.headfirst.Player.guess(Player.java:20)] - p2 guess number:5 
2020-02-18 11:49:25,871 [main] INFO  [pattern.headfirst.GuessGame.startGame(GuessGame.java:36)] - We need try again! 
2020-02-18 11:49:25,871 [main] INFO  [pattern.headfirst.Player.guess(Player.java:20)] - p1 guess number:9 
2020-02-18 11:49:25,871 [main] INFO  [pattern.headfirst.Player.guess(Player.java:20)] - p2 guess number:5 
2020-02-18 11:49:25,871 [main] INFO  [pattern.headfirst.GuessGame.startGame(GuessGame.java:36)] - We need try again! 
2020-02-18 11:49:25,871 [main] INFO  [pattern.headfirst.Player.guess(Player.java:20)] - p1 guess number:2 
2020-02-18 11:49:25,871 [main] INFO  [pattern.headfirst.Player.guess(Player.java:20)] - p2 guess number:0 
2020-02-18 11:49:25,871 [main] INFO  [pattern.headfirst.GuessGame.startGame(GuessGame.java:33)] - We have a winner。p1 guess:false p2 guess:true 
2020-03-02 11:06:57,739 [main] INFO  [pattern.headfirst.GuessGame.<init>(GuessGame.java:21)] - the answer is :0 
2020-03-02 11:06:57,745 [main] INFO  [pattern.headfirst.Player.guess(Player.java:20)] - p1 guess number:0 
2020-03-02 11:06:57,746 [main] INFO  [pattern.headfirst.Player.guess(Player.java:20)] - p2 guess number:6 
2020-03-02 11:06:57,746 [main] INFO  [pattern.headfirst.GuessGame.startGame(GuessGame.java:33)] - We have a winner。p1 guess:true p2 guess:false 
2020-03-02 11:07:35,621 [main] DEBUG [pattern.App.lambda$main$1(App.java:39)] - {"age":25,"firstName":"Yixing","lastName":"Zhao"} 
2020-03-02 11:07:35,623 [main] INFO  [pattern.App.lambda$main$1(App.java:40)] - Yixing 
2020-03-02 11:07:35,626 [main] INFO  [pattern.App.main(App.java:47)] - Person(firstName=Yixing, lastName=Zhao, age=25) 
2020-03-02 11:07:35,626 [main] DEBUG [pattern.App.main(App.java:52)] - Person(firstName=Yixing, lastName=Zhao, age=25) 
2020-03-02 11:07:35,627 [main] DEBUG [pattern.App.main(App.java:53)] - Person(firstName=Yixing, lastName=Zhao, age=25) 
2020-03-02 11:07:35,628 [main] DEBUG [pattern.App.main(App.java:54)] - ZHAO 
2020-03-02 11:07:35,628 [main] INFO  [pattern.App.lambda$main$5(App.java:55)] - Person(firstName=Yixing, lastName=Zhao, age=25) 
2020-03-12 15:54:31,502 [main] INFO  [DesignApplication.main(DesignApplication.java:18)] - App正在运行 
2020-03-12 15:54:31,505 [main] DEBUG [DesignApplication.main(DesignApplication.java:19)] - log4j正在运行 
2020-03-12 15:54:50,888 [main] INFO  [DesignApplication.main(DesignApplication.java:18)] - App正在运行 
2020-03-12 15:54:50,890 [main] DEBUG [DesignApplication.main(DesignApplication.java:19)] - log4j正在运行 
2020-03-12 15:55:49,220 [main] INFO  [DesignApplication.main(DesignApplication.java:18)] - App正在运行 
2020-03-12 15:55:49,222 [main] DEBUG [DesignApplication.main(DesignApplication.java:19)] - log4j正在运行 
2020-03-12 16:00:26,032 [main] INFO  [DesignApplication.main(DesignApplication.java:18)] - App正在运行 
2020-03-12 16:00:26,034 [main] DEBUG [DesignApplication.main(DesignApplication.java:19)] - log4j正在运行 
2020-03-16 11:30:06,904 [main] INFO  [DesignApplication.main(DesignApplication.java:18)] - App正在运行 
2020-03-16 11:30:06,912 [main] DEBUG [DesignApplication.main(DesignApplication.java:19)] - log4j正在运行 
2020-03-24 14:57:08,603 [main] INFO  [DesignApplication.main(DesignApplication.java:20)] - App正在运行 
2020-03-24 14:57:08,606 [main] DEBUG [DesignApplication.main(DesignApplication.java:21)] - log4j正在运行 
2020-08-27 14:00:22,945 [main] INFO  [DesignApplication.main(DesignApplication.java:20)] - App正在运行 
2020-08-27 14:00:22,948 [main] DEBUG [DesignApplication.main(DesignApplication.java:21)] - log4j正在运行 
2020-08-27 14:01:25,699 [main] INFO  [pattern.headfirst.GuessGame.<init>(GuessGame.java:21)] - the answer is :0 
2020-08-27 14:01:25,702 [main] INFO  [pattern.headfirst.Player.guess(Player.java:20)] - p1 guess number:4 
2020-08-27 14:01:25,702 [main] INFO  [pattern.headfirst.Player.guess(Player.java:20)] - p2 guess number:6 
2020-08-27 14:01:25,702 [main] INFO  [pattern.headfirst.GuessGame.startGame(GuessGame.java:36)] - We need try again! 
2020-08-27 14:01:25,702 [main] INFO  [pattern.headfirst.Player.guess(Player.java:20)] - p1 guess number:2 
2020-08-27 14:01:25,704 [main] INFO  [pattern.headfirst.Player.guess(Player.java:20)] - p2 guess number:1 
2020-08-27 14:01:25,704 [main] INFO  [pattern.headfirst.GuessGame.startGame(GuessGame.java:36)] - We need try again! 
2020-08-27 14:01:25,704 [main] INFO  [pattern.headfirst.Player.guess(Player.java:20)] - p1 guess number:0 
2020-08-27 14:01:25,704 [main] INFO  [pattern.headfirst.Player.guess(Player.java:20)] - p2 guess number:0 
2020-08-27 14:01:25,704 [main] INFO  [pattern.headfirst.GuessGame.startGame(GuessGame.java:33)] - We have a winner。p1 guess:true p2 guess:true 
2020-08-27 15:52:54,658 [main] INFO  [DesignApplication.main(DesignApplication.java:20)] - App正在运行 
2020-08-27 15:52:54,662 [main] DEBUG [DesignApplication.main(DesignApplication.java:21)] - log4j正在运行 
2020-08-27 15:54:39,630 [main] INFO  [DesignApplication.main(DesignApplication.java:22)] - App正在运行 
2020-08-27 15:54:39,632 [main] DEBUG [DesignApplication.main(DesignApplication.java:23)] - log4j正在运行 
2020-08-27 15:56:58,347 [main] INFO  [DesignApplication.main(DesignApplication.java:22)] - App正在运行 
2020-08-27 15:56:58,349 [main] DEBUG [DesignApplication.main(DesignApplication.java:23)] - log4j正在运行 
2020-08-27 15:57:21,291 [main] INFO  [DesignApplication.main(DesignApplication.java:22)] - App正在运行 
2020-08-27 15:57:21,296 [main] DEBUG [DesignApplication.main(DesignApplication.java:23)] - log4j正在运行 
2020-08-27 19:23:08,232 [main] INFO  [pattern.callback.RoomMate.helpAnswer(RoomMate.java:30)] - Student需要室友替写作业 
2020-08-27 19:23:08,235 [main] INFO  [pattern.callback.RoomMate.helpAnswer(RoomMate.java:47)] - 匿名人士需要室友替写作业 
2020-08-27 19:23:08,235 [main] INFO  [pattern.callback.CallbackApplication$1.doHomeWorkCallback(CallbackApplication.java:28)] - 问题：1+2=? 
2020-08-27 19:28:35,885 [main] INFO  [pattern.callback.Student.copyHomeWork(Student.java:32)] - 别人想答案，自己再写作业 
2020-08-27 19:28:35,890 [main] INFO  [pattern.callback.Student.copyHomeWork(Student.java:34)] - 作业：1+1=? 答案：2 
2020-08-27 19:28:35,890 [main] INFO  [pattern.callback.RoomMate.helpAnswer(RoomMate.java:30)] - Student需要室友替写作业 
2020-08-27 19:28:35,890 [main] INFO  [pattern.callback.Student.copyHomeWork(Student.java:32)] - 别人想答案，自己再写作业 
2020-08-27 19:28:35,890 [main] INFO  [pattern.callback.Student.copyHomeWork(Student.java:34)] - 作业：1+1=? 答案：2 
2020-08-27 19:28:35,893 [main] INFO  [pattern.callback.RoomMate.helpAnswer(RoomMate.java:47)] - 匿名人士需要室友替写作业 
2020-08-27 19:28:35,893 [main] INFO  [pattern.callback.CallbackApplication$1.doHomeWorkCallback(CallbackApplication.java:28)] - 问题：1+2=? 
2020-08-27 19:40:49,619 [main] INFO  [pattern.callback.Student.doHomeWork(Student.java:17)] - 自己想答案，自己写作业 
2020-08-27 19:40:49,621 [main] INFO  [pattern.callback.Student.doHomeWork(Student.java:19)] - 作业：1+1=? 答案：2 
2020-08-27 19:40:49,621 [main] INFO  [pattern.callback.Student.copyHomeWork(Student.java:32)] - 别人想答案，自己再写作业 
2020-08-27 19:40:49,625 [main] INFO  [pattern.callback.Student.copyHomeWork(Student.java:34)] - 作业：1+1=? 答案：2 
2020-08-27 19:40:49,625 [main] INFO  [pattern.callback.RoomMate.helpAnswer(RoomMate.java:30)] - Student需要室友替想答案 
2020-08-27 19:40:49,625 [main] INFO  [pattern.callback.Student.copyHomeWork(Student.java:32)] - 别人想答案，自己再写作业 
2020-08-27 19:40:49,627 [main] INFO  [pattern.callback.Student.copyHomeWork(Student.java:34)] - 作业：1+1=? 答案：2 
2020-08-27 19:40:49,628 [main] INFO  [pattern.callback.RoomMate.helpAnswer(RoomMate.java:47)] - 匿名人士需要室友替写作业 
2020-08-27 19:40:49,628 [main] INFO  [pattern.callback.CallbackApplication$1.doHomeWorkCallback(CallbackApplication.java:31)] - 问题：1+2=?答案不知道~ 
2020-08-27 19:41:06,188 [main] INFO  [pattern.callback.Student.doHomeWork(Student.java:17)] - 自己想答案，自己写作业 
2020-08-27 19:41:06,191 [main] INFO  [pattern.callback.Student.doHomeWork(Student.java:19)] - 作业：1+1=? 答案：2 
2020-08-27 19:41:06,191 [main] INFO  [pattern.callback.Student.copyHomeWork(Student.java:32)] - 别人想答案，自己再写作业 
2020-08-27 19:41:06,195 [main] INFO  [pattern.callback.Student.copyHomeWork(Student.java:34)] - 作业：1+1=? 答案：2 
2020-08-27 19:41:06,195 [main] INFO  [pattern.callback.RoomMate.helpAnswer(RoomMate.java:30)] - Student需要室友替想答案 
2020-08-27 19:41:06,195 [main] INFO  [pattern.callback.Student.copyHomeWork(Student.java:32)] - 别人想答案，自己再写作业 
2020-08-27 19:41:06,197 [main] INFO  [pattern.callback.Student.copyHomeWork(Student.java:34)] - 作业：1+1=? 答案：2 
2020-08-27 19:41:06,198 [main] INFO  [pattern.callback.RoomMate.helpAnswer(RoomMate.java:47)] - 匿名人士需要室友替写作业 
2020-08-27 19:41:06,198 [main] INFO  [pattern.callback.CallbackApplication$1.doHomeWorkCallback(CallbackApplication.java:31)] - 问题：1+2=?答案 不知道~ 
2020-08-27 19:56:52,985 [main] INFO  [pattern.callback.Student.doHomeWork(Student.java:17)] - 自己想好答案，自己写作业 
2020-08-27 19:56:52,987 [main] INFO  [pattern.callback.Student.doHomeWork(Student.java:19)] - 作业：1+1=? 答案：2 
2020-08-27 19:56:52,987 [main] INFO  [pattern.callback.Student.copyHomeWork(Student.java:32)] - 别人想好答案，自己再写作业 
2020-08-27 19:56:52,991 [main] INFO  [pattern.callback.Student.copyHomeWork(Student.java:34)] - 作业：1+2=? 答案：2 
2020-08-27 19:56:52,991 [main] INFO  [pattern.callback.RoomMate.helpAnswer(RoomMate.java:30)] - Student需要室友替想答案 
2020-08-27 19:56:52,991 [main] INFO  [pattern.callback.Student.copyHomeWork(Student.java:32)] - 别人想好答案，自己再写作业 
2020-08-27 19:56:52,993 [main] INFO  [pattern.callback.Student.copyHomeWork(Student.java:34)] - 作业：1+3=? 答案：2 
2020-08-27 19:56:52,993 [main] INFO  [pattern.callback.RoomMate.helpAnswer(RoomMate.java:47)] - 匿名人士需要室友替写作业 
2020-08-27 19:56:52,994 [main] INFO  [pattern.callback.CallbackApplication$1.doHomeWorkCallback(CallbackApplication.java:34)] - 问题：1+4=? 答案 不知道~ 
2020-08-27 20:02:59,432 [main] INFO  [pattern.callback.Student.doHomeWork(Student.java:17)] - 自己想好答案，自己写作业 
2020-08-27 20:02:59,434 [main] INFO  [pattern.callback.Student.doHomeWork(Student.java:19)] - 作业：1+1=? 答案：2 
2020-08-27 20:02:59,434 [main] INFO  [pattern.callback.Student.copyHomeWork(Student.java:32)] - 别人想好答案，自己再写作业 
2020-08-27 20:02:59,438 [main] INFO  [pattern.callback.Student.copyHomeWork(Student.java:36)] - 作业：1+2=? 答案：不知道~~ 
2020-08-27 20:02:59,438 [main] INFO  [pattern.callback.RoomMate.helpAnswer(RoomMate.java:30)] - Student需要室友替想答案 
2020-08-27 20:02:59,438 [main] INFO  [pattern.callback.Student.copyHomeWork(Student.java:32)] - 别人想好答案，自己再写作业 
2020-08-27 20:02:59,440 [main] INFO  [pattern.callback.Student.copyHomeWork(Student.java:34)] - 作业：1+3=? 答案：2 
2020-08-27 20:02:59,440 [main] INFO  [pattern.callback.RoomMate.helpAnswer(RoomMate.java:47)] - 匿名人士需要室友替写作业 
2020-08-27 20:02:59,440 [main] INFO  [pattern.callback.CallbackApplication$1.doHomeWorkCallback(CallbackApplication.java:34)] - 问题：1+4=？ 答案 不知道~ 
2020-08-28 10:24:11,466 [main] INFO  [pattern.callback.Student.doHomeWork(Student.java:17)] - 自己想好答案，自己写作业 
2020-08-28 10:24:11,468 [main] INFO  [pattern.callback.Student.doHomeWork(Student.java:19)] - 作业：1+1=? 答案：2 
2020-08-28 10:24:11,468 [main] INFO  [pattern.callback.Student.copyHomeWork(Student.java:32)] - 别人想好答案，自己再写作业 
2020-08-28 10:24:11,472 [main] INFO  [pattern.callback.Student.copyHomeWork(Student.java:36)] - 作业：1+2=? 答案：不知道~~ 
2020-08-28 10:24:11,472 [main] INFO  [pattern.callback.RoomMate.helpAnswer(RoomMate.java:33)] - Student需要室友替想答案 
2020-08-28 10:24:11,472 [main] INFO  [pattern.callback.Student.copyHomeWork(Student.java:32)] - 别人想好答案，自己再写作业 
2020-08-28 10:24:11,474 [main] INFO  [pattern.callback.Student.copyHomeWork(Student.java:34)] - 作业：1+3=? 答案：2 
2020-08-28 10:24:11,475 [main] INFO  [pattern.callback.RoomMate.helpAnswer(RoomMate.java:51)] - 匿名人士需要室友替写作业 
2020-08-28 10:24:11,475 [main] INFO  [pattern.callback.CallbackApplication$1.doHomeWorkCallback(CallbackApplication.java:35)] - 问题：1+4=？ 答案 不知道~2 
2020-08-31 10:08:45,682 [main] INFO  [pattern.callback.Student.doHomeWork(Student.java:17)] - 自己想好答案，自己写作业 
2020-08-31 10:08:45,690 [main] INFO  [pattern.callback.Student.doHomeWork(Student.java:19)] - 作业：1+1=? 答案：2 
2020-08-31 10:08:45,690 [main] INFO  [pattern.callback.Student.copyHomeWork(Student.java:32)] - 别人想好答案，自己再写作业 
2020-08-31 10:08:45,698 [main] INFO  [pattern.callback.Student.copyHomeWork(Student.java:36)] - 作业：1+2=? 答案：不知道~~ 
2020-08-31 10:08:45,698 [main] INFO  [pattern.callback.RoomMate.helpAnswer(RoomMate.java:33)] - Student需要室友替想答案 
2020-08-31 10:08:45,699 [main] INFO  [pattern.callback.Student.copyHomeWork(Student.java:32)] - 别人想好答案，自己再写作业 
2020-08-31 10:08:45,702 [main] INFO  [pattern.callback.Student.copyHomeWork(Student.java:34)] - 作业：1+3=? 答案：2 
2020-08-31 10:08:45,703 [main] INFO  [pattern.callback.RoomMate.helpAnswer(RoomMate.java:51)] - 匿名人士需要室友替写作业 
2020-08-31 10:08:45,703 [main] INFO  [pattern.callback.CallbackApplication$1.doHomeWorkCallback(CallbackApplication.java:35)] - 问题：1+4=？ 答案 不知道~2 
